Determining if the pthread_create exist failed with the following output:
Change Dir: /home/avg/catkin_ws/build/navfn/CMakeFiles/CMakeTmp

Run Build Command:"/usr/bin/make" "cmTC_4bca1/fast"
/usr/bin/make -f CMakeFiles/cmTC_4bca1.dir/build.make CMakeFiles/cmTC_4bca1.dir/build
make[1]: Entering directory '/home/avg/catkin_ws/build/navfn/CMakeFiles/CMakeTmp'
Building C object CMakeFiles/cmTC_4bca1.dir/CheckSymbolExists.c.o
/usr/bin/cc    -o CMakeFiles/cmTC_4bca1.dir/CheckSymbolExists.c.o   -c /home/avg/catkin_ws/build/navfn/CMakeFiles/CMakeTmp/CheckSymbolExists.c
Linking C executable cmTC_4bca1
/usr/bin/cmake -E cmake_link_script CMakeFiles/cmTC_4bca1.dir/link.txt --verbose=1
/usr/bin/cc      -rdynamic CMakeFiles/cmTC_4bca1.dir/CheckSymbolExists.c.o  -o cmTC_4bca1 
CMakeFiles/cmTC_4bca1.dir/CheckSymbolExists.c.o: In function `main':
CheckSymbolExists.c:(.text+0x1b): undefined reference to `pthread_create'
collect2: error: ld returned 1 exit status
CMakeFiles/cmTC_4bca1.dir/build.make:97: recipe for target 'cmTC_4bca1' failed
make[1]: *** [cmTC_4bca1] Error 1
make[1]: Leaving directory '/home/avg/catkin_ws/build/navfn/CMakeFiles/CMakeTmp'
Makefile:126: recipe for target 'cmTC_4bca1/fast' failed
make: *** [cmTC_4bca1/fast] Error 2

File /home/avg/catkin_ws/build/navfn/CMakeFiles/CMakeTmp/CheckSymbolExists.c:
/* */
#include <pthread.h>

int main(int argc, char** argv)
{
  (void)argv;
#ifndef pthread_create
  return ((int*)(&pthread_create))[argc];
#else
  (void)argc;
  return 0;
#endif
}

Determining if the function pthread_create exists in the pthreads failed with the following output:
Change Dir: /home/avg/catkin_ws/build/navfn/CMakeFiles/CMakeTmp

Run Build Command:"/usr/bin/make" "cmTC_69f41/fast"
/usr/bin/make -f CMakeFiles/cmTC_69f41.dir/build.make CMakeFiles/cmTC_69f41.dir/build
make[1]: Entering directory '/home/avg/catkin_ws/build/navfn/CMakeFiles/CMakeTmp'
Building C object CMakeFiles/cmTC_69f41.dir/CheckFunctionExists.c.o
/usr/bin/cc   -DCHECK_FUNCTION_EXISTS=pthread_create   -o CMakeFiles/cmTC_69f41.dir/CheckFunctionExists.c.o   -c /usr/share/cmake-3.10/Modules/CheckFunctionExists.c
Linking C executable cmTC_69f41
/usr/bin/cmake -E cmake_link_script CMakeFiles/cmTC_69f41.dir/link.txt --verbose=1
/usr/bin/cc  -DCHECK_FUNCTION_EXISTS=pthread_create    -rdynamic CMakeFiles/cmTC_69f41.dir/CheckFunctionExists.c.o  -o cmTC_69f41 -lpthreads 
/usr/bin/ld: cannot find -lpthreads
collect2: error: ld returned 1 exit status
CMakeFiles/cmTC_69f41.dir/build.make:97: recipe for target 'cmTC_69f41' failed
make[1]: *** [cmTC_69f41] Error 1
make[1]: Leaving directory '/home/avg/catkin_ws/build/navfn/CMakeFiles/CMakeTmp'
Makefile:126: recipe for target 'cmTC_69f41/fast' failed
make: *** [cmTC_69f41/fast] Error 2


Determining if the include file pgm.h exists failed with the following output:
Change Dir: /home/avg/catkin_ws/build/navfn/CMakeFiles/CMakeTmp

Run Build Command:"/usr/bin/make" "cmTC_a0899/fast"
/usr/bin/make -f CMakeFiles/cmTC_a0899.dir/build.make CMakeFiles/cmTC_a0899.dir/build
make[1]: Entering directory '/home/avg/catkin_ws/build/navfn/CMakeFiles/CMakeTmp'
Building CXX object CMakeFiles/cmTC_a0899.dir/CheckIncludeFile.cxx.o
/usr/bin/c++     -o CMakeFiles/cmTC_a0899.dir/CheckIncludeFile.cxx.o -c /home/avg/catkin_ws/build/navfn/CMakeFiles/CMakeTmp/CheckIncludeFile.cxx
/home/avg/catkin_ws/build/navfn/CMakeFiles/CMakeTmp/CheckIncludeFile.cxx:1:10: fatal error: pgm.h: No such file or directory
 #include <pgm.h>
          ^~~~~~~
compilation terminated.
CMakeFiles/cmTC_a0899.dir/build.make:65: recipe for target 'CMakeFiles/cmTC_a0899.dir/CheckIncludeFile.cxx.o' failed
make[1]: *** [CMakeFiles/cmTC_a0899.dir/CheckIncludeFile.cxx.o] Error 1
make[1]: Leaving directory '/home/avg/catkin_ws/build/navfn/CMakeFiles/CMakeTmp'
Makefile:126: recipe for target 'cmTC_a0899/fast' failed
make: *** [cmTC_a0899/fast] Error 2


