Determining if the pthread_create exist failed with the following output:
Change Dir: /home/avg/catkin_ws/build/CMakeFiles/CMakeTmp

Run Build Command:"/usr/bin/make" "cmTC_ed34c/fast"
/usr/bin/make -f CMakeFiles/cmTC_ed34c.dir/build.make CMakeFiles/cmTC_ed34c.dir/build
make[1]: Entering directory '/home/avg/catkin_ws/build/CMakeFiles/CMakeTmp'
Building C object CMakeFiles/cmTC_ed34c.dir/CheckSymbolExists.c.o
/usr/bin/cc    -o CMakeFiles/cmTC_ed34c.dir/CheckSymbolExists.c.o   -c /home/avg/catkin_ws/build/CMakeFiles/CMakeTmp/CheckSymbolExists.c
Linking C executable cmTC_ed34c
/usr/bin/cmake -E cmake_link_script CMakeFiles/cmTC_ed34c.dir/link.txt --verbose=1
/usr/bin/cc      -rdynamic CMakeFiles/cmTC_ed34c.dir/CheckSymbolExists.c.o  -o cmTC_ed34c 
CMakeFiles/cmTC_ed34c.dir/CheckSymbolExists.c.o: In function `main':
CheckSymbolExists.c:(.text+0x1b): undefined reference to `pthread_create'
collect2: error: ld returned 1 exit status
CMakeFiles/cmTC_ed34c.dir/build.make:97: recipe for target 'cmTC_ed34c' failed
make[1]: *** [cmTC_ed34c] Error 1
make[1]: Leaving directory '/home/avg/catkin_ws/build/CMakeFiles/CMakeTmp'
Makefile:126: recipe for target 'cmTC_ed34c/fast' failed
make: *** [cmTC_ed34c/fast] Error 2

File /home/avg/catkin_ws/build/CMakeFiles/CMakeTmp/CheckSymbolExists.c:
/* */
#include <pthread.h>

int main(int argc, char** argv)
{
  (void)argv;
#ifndef pthread_create
  return ((int*)(&pthread_create))[argc];
#else
  (void)argc;
  return 0;
#endif
}

Determining if the function pthread_create exists in the pthreads failed with the following output:
Change Dir: /home/avg/catkin_ws/build/CMakeFiles/CMakeTmp

Run Build Command:"/usr/bin/make" "cmTC_3492e/fast"
/usr/bin/make -f CMakeFiles/cmTC_3492e.dir/build.make CMakeFiles/cmTC_3492e.dir/build
make[1]: Entering directory '/home/avg/catkin_ws/build/CMakeFiles/CMakeTmp'
Building C object CMakeFiles/cmTC_3492e.dir/CheckFunctionExists.c.o
/usr/bin/cc   -DCHECK_FUNCTION_EXISTS=pthread_create   -o CMakeFiles/cmTC_3492e.dir/CheckFunctionExists.c.o   -c /usr/share/cmake-3.10/Modules/CheckFunctionExists.c
Linking C executable cmTC_3492e
/usr/bin/cmake -E cmake_link_script CMakeFiles/cmTC_3492e.dir/link.txt --verbose=1
/usr/bin/cc  -DCHECK_FUNCTION_EXISTS=pthread_create    -rdynamic CMakeFiles/cmTC_3492e.dir/CheckFunctionExists.c.o  -o cmTC_3492e -lpthreads 
/usr/bin/ld: cannot find -lpthreads
collect2: error: ld returned 1 exit status
CMakeFiles/cmTC_3492e.dir/build.make:97: recipe for target 'cmTC_3492e' failed
make[1]: *** [cmTC_3492e] Error 1
make[1]: Leaving directory '/home/avg/catkin_ws/build/CMakeFiles/CMakeTmp'
Makefile:126: recipe for target 'cmTC_3492e/fast' failed
make: *** [cmTC_3492e/fast] Error 2


Determining if the include file pgm.h exists failed with the following output:
Change Dir: /home/avg/catkin_ws/build/CMakeFiles/CMakeTmp

Run Build Command:"/usr/bin/make" "cmTC_9b5d9/fast"
/usr/bin/make -f CMakeFiles/cmTC_9b5d9.dir/build.make CMakeFiles/cmTC_9b5d9.dir/build
make[1]: Entering directory '/home/avg/catkin_ws/build/CMakeFiles/CMakeTmp'
Building CXX object CMakeFiles/cmTC_9b5d9.dir/CheckIncludeFile.cxx.o
/usr/bin/c++     -o CMakeFiles/cmTC_9b5d9.dir/CheckIncludeFile.cxx.o -c /home/avg/catkin_ws/build/CMakeFiles/CMakeTmp/CheckIncludeFile.cxx
/home/avg/catkin_ws/build/CMakeFiles/CMakeTmp/CheckIncludeFile.cxx:1:10: fatal error: pgm.h: No such file or directory
 #include <pgm.h>
          ^~~~~~~
compilation terminated.
CMakeFiles/cmTC_9b5d9.dir/build.make:65: recipe for target 'CMakeFiles/cmTC_9b5d9.dir/CheckIncludeFile.cxx.o' failed
make[1]: *** [CMakeFiles/cmTC_9b5d9.dir/CheckIncludeFile.cxx.o] Error 1
make[1]: Leaving directory '/home/avg/catkin_ws/build/CMakeFiles/CMakeTmp'
Makefile:126: recipe for target 'cmTC_9b5d9/fast' failed
make: *** [cmTC_9b5d9/fast] Error 2


Determining if the Q_WS_WIN exist failed with the following output:
Change Dir: /home/avg/catkin_ws/build/CMakeFiles/CMakeTmp

Run Build Command:"/usr/bin/make" "cmTC_8f0a0/fast"
make[1]: Entering directory '/home/avg/catkin_ws/build/CMakeFiles/CMakeTmp'
/usr/bin/make -f CMakeFiles/cmTC_8f0a0.dir/build.make CMakeFiles/cmTC_8f0a0.dir/build
make[2]: Entering directory '/home/avg/catkin_ws/build/CMakeFiles/CMakeTmp'
Building CXX object CMakeFiles/cmTC_8f0a0.dir/CheckSymbolExists.cxx.o
/usr/bin/c++   -I/usr/include/qt4   -o CMakeFiles/cmTC_8f0a0.dir/CheckSymbolExists.cxx.o -c /home/avg/catkin_ws/build/CMakeFiles/CMakeTmp/CheckSymbolExists.cxx
/home/avg/catkin_ws/build/CMakeFiles/CMakeTmp/CheckSymbolExists.cxx: In function ‘int main(int, char**)’:
/home/avg/catkin_ws/build/CMakeFiles/CMakeTmp/CheckSymbolExists.cxx:8:19: error: ‘Q_WS_WIN’ was not declared in this scope
   return ((int*)(&Q_WS_WIN))[argc];
                   ^~~~~~~~
/home/avg/catkin_ws/build/CMakeFiles/CMakeTmp/CheckSymbolExists.cxx:8:19: note: suggested alternative: ‘Q_WS_X11’
   return ((int*)(&Q_WS_WIN))[argc];
                   ^~~~~~~~
                   Q_WS_X11
CMakeFiles/cmTC_8f0a0.dir/build.make:65: recipe for target 'CMakeFiles/cmTC_8f0a0.dir/CheckSymbolExists.cxx.o' failed
make[2]: *** [CMakeFiles/cmTC_8f0a0.dir/CheckSymbolExists.cxx.o] Error 1
make[2]: Leaving directory '/home/avg/catkin_ws/build/CMakeFiles/CMakeTmp'
Makefile:126: recipe for target 'cmTC_8f0a0/fast' failed
make[1]: *** [cmTC_8f0a0/fast] Error 2
make[1]: Leaving directory '/home/avg/catkin_ws/build/CMakeFiles/CMakeTmp'

File /home/avg/catkin_ws/build/CMakeFiles/CMakeTmp/CheckSymbolExists.cxx:
/* */
#include <QtCore/qglobal.h>

int main(int argc, char** argv)
{
  (void)argv;
#ifndef Q_WS_WIN
  return ((int*)(&Q_WS_WIN))[argc];
#else
  (void)argc;
  return 0;
#endif
}

Determining if the Q_WS_QWS exist failed with the following output:
Change Dir: /home/avg/catkin_ws/build/CMakeFiles/CMakeTmp

Run Build Command:"/usr/bin/make" "cmTC_39a7e/fast"
make[1]: Entering directory '/home/avg/catkin_ws/build/CMakeFiles/CMakeTmp'
/usr/bin/make -f CMakeFiles/cmTC_39a7e.dir/build.make CMakeFiles/cmTC_39a7e.dir/build
make[2]: Entering directory '/home/avg/catkin_ws/build/CMakeFiles/CMakeTmp'
Building CXX object CMakeFiles/cmTC_39a7e.dir/CheckSymbolExists.cxx.o
/usr/bin/c++   -I/usr/include/qt4   -o CMakeFiles/cmTC_39a7e.dir/CheckSymbolExists.cxx.o -c /home/avg/catkin_ws/build/CMakeFiles/CMakeTmp/CheckSymbolExists.cxx
/home/avg/catkin_ws/build/CMakeFiles/CMakeTmp/CheckSymbolExists.cxx: In function ‘int main(int, char**)’:
/home/avg/catkin_ws/build/CMakeFiles/CMakeTmp/CheckSymbolExists.cxx:8:19: error: ‘Q_WS_QWS’ was not declared in this scope
   return ((int*)(&Q_WS_QWS))[argc];
                   ^~~~~~~~
/home/avg/catkin_ws/build/CMakeFiles/CMakeTmp/CheckSymbolExists.cxx:8:19: note: suggested alternative: ‘Q_WS_X11’
   return ((int*)(&Q_WS_QWS))[argc];
                   ^~~~~~~~
                   Q_WS_X11
CMakeFiles/cmTC_39a7e.dir/build.make:65: recipe for target 'CMakeFiles/cmTC_39a7e.dir/CheckSymbolExists.cxx.o' failed
make[2]: *** [CMakeFiles/cmTC_39a7e.dir/CheckSymbolExists.cxx.o] Error 1
make[2]: Leaving directory '/home/avg/catkin_ws/build/CMakeFiles/CMakeTmp'
Makefile:126: recipe for target 'cmTC_39a7e/fast' failed
make[1]: *** [cmTC_39a7e/fast] Error 2
make[1]: Leaving directory '/home/avg/catkin_ws/build/CMakeFiles/CMakeTmp'

File /home/avg/catkin_ws/build/CMakeFiles/CMakeTmp/CheckSymbolExists.cxx:
/* */
#include <QtCore/qglobal.h>

int main(int argc, char** argv)
{
  (void)argv;
#ifndef Q_WS_QWS
  return ((int*)(&Q_WS_QWS))[argc];
#else
  (void)argc;
  return 0;
#endif
}

Determining if the Q_WS_MAC exist failed with the following output:
Change Dir: /home/avg/catkin_ws/build/CMakeFiles/CMakeTmp

Run Build Command:"/usr/bin/make" "cmTC_5d6c2/fast"
make[1]: Entering directory '/home/avg/catkin_ws/build/CMakeFiles/CMakeTmp'
/usr/bin/make -f CMakeFiles/cmTC_5d6c2.dir/build.make CMakeFiles/cmTC_5d6c2.dir/build
make[2]: Entering directory '/home/avg/catkin_ws/build/CMakeFiles/CMakeTmp'
Building CXX object CMakeFiles/cmTC_5d6c2.dir/CheckSymbolExists.cxx.o
/usr/bin/c++   -I/usr/include/qt4   -o CMakeFiles/cmTC_5d6c2.dir/CheckSymbolExists.cxx.o -c /home/avg/catkin_ws/build/CMakeFiles/CMakeTmp/CheckSymbolExists.cxx
/home/avg/catkin_ws/build/CMakeFiles/CMakeTmp/CheckSymbolExists.cxx: In function ‘int main(int, char**)’:
/home/avg/catkin_ws/build/CMakeFiles/CMakeTmp/CheckSymbolExists.cxx:8:19: error: ‘Q_WS_MAC’ was not declared in this scope
   return ((int*)(&Q_WS_MAC))[argc];
                   ^~~~~~~~
/home/avg/catkin_ws/build/CMakeFiles/CMakeTmp/CheckSymbolExists.cxx:8:19: note: suggested alternative: ‘Q_WS_X11’
   return ((int*)(&Q_WS_MAC))[argc];
                   ^~~~~~~~
                   Q_WS_X11
CMakeFiles/cmTC_5d6c2.dir/build.make:65: recipe for target 'CMakeFiles/cmTC_5d6c2.dir/CheckSymbolExists.cxx.o' failed
make[2]: *** [CMakeFiles/cmTC_5d6c2.dir/CheckSymbolExists.cxx.o] Error 1
make[2]: Leaving directory '/home/avg/catkin_ws/build/CMakeFiles/CMakeTmp'
Makefile:126: recipe for target 'cmTC_5d6c2/fast' failed
make[1]: *** [cmTC_5d6c2/fast] Error 2
make[1]: Leaving directory '/home/avg/catkin_ws/build/CMakeFiles/CMakeTmp'

File /home/avg/catkin_ws/build/CMakeFiles/CMakeTmp/CheckSymbolExists.cxx:
/* */
#include <QtCore/qglobal.h>

int main(int argc, char** argv)
{
  (void)argv;
#ifndef Q_WS_MAC
  return ((int*)(&Q_WS_MAC))[argc];
#else
  (void)argc;
  return 0;
#endif
}

